Arguments: 
  C:\Program Files\nodejs\node.exe C:\Users\aa\AppData\Roaming\npm\node_modules\yarn\bin\yarn.js add nodemom -D

PATH: 
  C:\Program Files\Haskell\bin;C:\Program Files\Haskell Platform\8.6.3\lib\extralibs\bin;C:\Program Files\Haskell Platform\8.6.3\bin;C:\oraclexe\app\oracle\product\10.2.0\server\bin;C:\Program Files (x86)\Common Files\Oracle\Java\javapath;C:\WINDOWS\system32;C:\WINDOWS;C:\WINDOWS\System32\Wbem;C:\WINDOWS\System32\WindowsPowerShell\v1.0\;C:\Program Files\nodejs\;C:\Users\aa\AppData\Local\Programs\Python\Python37-32;C:\Program Files (x86)\PostgreSQL\10\bin;C:\WINDOWS\System32\OpenSSH;C:\Program Files\MongoDB\Server\4.0\bin;C:\Program Files\Git\cmd;C:\Program Files\Haskell Platform\8.6.3\mingw\bin;C:\Users\aa\AppData\Roaming\cabal\bin;C:\Users\aa\AppData\Roaming\local\bin;C:\Users\aa\AppData\Local\Microsoft\WindowsApps;C:\Users\aa\AppData\Local\Programs\Microsoft VS Code\bin;C:\Users\aa\AppData\Roaming\npm;C:\Users\aa\AppData\Local\Android\Sdk\emulator;C:\Users\aa\AppData\Local\Android\Sdk\tools;C:\Users\aa\AppData\Local\Android\Sdk\tools\bin;C:\Users\aa\AppData\Local\Android\Sdk\platform-tools

Yarn version: 
  1.12.3

Node version: 
  10.14.2

Platform: 
  win32 x64

Trace: 
  Error: https://registry.yarnpkg.com/nodemom: Not found
      at Request.params.callback [as _callback] (C:\Users\aa\AppData\Roaming\npm\node_modules\yarn\lib\cli.js:65894:18)
      at Request.self.callback (C:\Users\aa\AppData\Roaming\npm\node_modules\yarn\lib\cli.js:129018:22)
      at Request.emit (events.js:182:13)
      at Request.<anonymous> (C:\Users\aa\AppData\Roaming\npm\node_modules\yarn\lib\cli.js:129990:10)
      at Request.emit (events.js:182:13)
      at IncomingMessage.<anonymous> (C:\Users\aa\AppData\Roaming\npm\node_modules\yarn\lib\cli.js:129912:12)
      at Object.onceWrapper (events.js:273:13)
      at IncomingMessage.emit (events.js:187:15)
      at endReadableNT (_stream_readable.js:1094:12)
      at process._tickCallback (internal/process/next_tick.js:63:19)

npm manifest: 
  {
    "name": "cep",
    "version": "1.0.0",
    "description": "",
    "main": "index.js",
    "scripts": {
      "test": "echo \"Error: no test specified\" && exit 1"
    },
    "keywords": [],
    "author": "",
    "license": "ISC",
    "dependencies": {
      "cep": "^0.0.3"
    }
  }

yarn manifest: 
  No manifest

Lockfile: 
  # THIS IS AN AUTOGENERATED FILE. DO NOT EDIT THIS FILE DIRECTLY.
  # yarn lockfile v1
  
  
  cep@^0.0.3:
    version "0.0.3"
    resolved "https://registry.yarnpkg.com/cep/-/cep-0.0.3.tgz#94cd54fcbaf835e1beeca02d6ff9a6b09f4d02eb"
    integrity sha1-lM1U/Lr4NeG+7KAtb/mmsJ9NAus=
    dependencies:
      superagent "~0.15.7"
  
  cookiejar@1.3.0:
    version "1.3.0"
    resolved "https://registry.yarnpkg.com/cookiejar/-/cookiejar-1.3.0.tgz#dd00b35679021e99cbd4e855b9ad041913474765"
    integrity sha1-3QCzVnkCHpnL1OhVua0EGRNHR2U=
  
  debug@~0.7.2:
    version "0.7.4"
    resolved "https://registry.yarnpkg.com/debug/-/debug-0.7.4.tgz#06e1ea8082c2cb14e39806e22e2f6f757f92af39"
    integrity sha1-BuHqgILCyxTjmAbiLi9vdX+Srzk=
  
  emitter-component@1.0.0:
    version "1.0.0"
    resolved "https://registry.yarnpkg.com/emitter-component/-/emitter-component-1.0.0.tgz#f04dd18fc3dc3e9a74cbc0f310b088666e4c016f"
    integrity sha1-8E3Rj8PcPpp0y8DzELCIZm5MAW8=
  
  formidable@1.0.14:
    version "1.0.14"
    resolved "https://registry.yarnpkg.com/formidable/-/formidable-1.0.14.tgz#2b3f4c411cbb5fdd695c44843e2a23514a43231a"
    integrity sha1-Kz9MQRy7X91pXESEPiojUUpDIxo=
  
  methods@0.0.1:
    version "0.0.1"
    resolved "https://registry.yarnpkg.com/methods/-/methods-0.0.1.tgz#277c90f8bef39709645a8371c51c3b6c648e068c"
    integrity sha1-J3yQ+L7zlwlkWoNxxRw7bGSOBow=
  
  mime@1.2.5:
    version "1.2.5"
    resolved "https://registry.yarnpkg.com/mime/-/mime-1.2.5.tgz#9eed073022a8bf5e16c8566c6867b8832bfbfa13"
    integrity sha1-nu0HMCKov14WyFZsaGe4gyv7+hM=
  
  qs@0.6.5:
    version "0.6.5"
    resolved "https://registry.yarnpkg.com/qs/-/qs-0.6.5.tgz#294b268e4b0d4250f6dde19b3b8b34935dff14ef"
    integrity sha1-KUsmjksNQlD23eGbO4s0k13/FO8=
  
  reduce-component@1.0.1:
    version "1.0.1"
    resolved "https://registry.yarnpkg.com/reduce-component/-/reduce-component-1.0.1.tgz#e0c93542c574521bea13df0f9488ed82ab77c5da"
    integrity sha1-4Mk1QsV0UhvqE98PlIjtgqt3xdo=
  
  superagent@~0.15.7:
    version "0.15.7"
    resolved "https://registry.yarnpkg.com/superagent/-/superagent-0.15.7.tgz#095c70b8afffbc072f1458f39684d4854d6333a3"
    integrity sha1-CVxwuK//vAcvFFjzloTUhU1jM6M=
    dependencies:
      cookiejar "1.3.0"
      debug "~0.7.2"
      emitter-component "1.0.0"
      formidable "1.0.14"
      methods "0.0.1"
      mime "1.2.5"
      qs "0.6.5"
      reduce-component "1.0.1"
